<?xml version="1.0" encoding="UTF-8"?>
<testng-results ignored="0" total="1" passed="1" failed="0" skipped="0">
  <reporter-output>
  </reporter-output>
  <suite started-at="2022-06-28T05:35:52 IST" name="Default suite" finished-at="2022-06-28T05:35:56 IST" duration-ms="4297">
    <groups>
    </groups>
    <test started-at="2022-06-28T05:35:52 IST" name="Default test" finished-at="2022-06-28T05:35:56 IST" duration-ms="4297">
      <class name="com.Saucedemo.SaucerMaven.SaucerProject">
        <test-method signature="Data_validation()[pri:0, instance:com.Saucedemo.SaucerMaven.SaucerProject@209da20d]" started-at="2022-06-28T05:35:52 IST" name="Data_validation" finished-at="2022-06-28T05:35:56 IST" duration-ms="4202" status="PASS">
          <reporter-output>
          </reporter-output>
        </test-method> <!-- Data_validation -->
      </class> <!-- com.Saucedemo.SaucerMaven.SaucerProject -->
    </test> <!-- Default test -->
  </suite> <!-- Default suite -->
</testng-results>
